<?xml version="1.0" encoding="UTF-8"?>
<testsuite name="com.invoiceservice.InvoiceServiceTest" tests="1" skipped="0" failures="0" errors="0" timestamp="2020-12-14T10:37:10" hostname="ADMIN-PC" time="0.003">
  <properties/>
  <testcase name="givenDistanceAndTimeShouldReturnTotalFare" classname="com.invoiceservice.InvoiceServiceTest" time="0.003"/>
  <system-out><![CDATA[]]></system-out>
  <system-err><![CDATA[]]></system-err>
</testsuite>
