<?xml version="1.0" encoding="UTF-8"?>
<testsuite name="com.invoiceservice.InvoiceServiceTest" tests="1" skipped="0" failures="0" errors="0" timestamp="2020-12-14T11:06:47" hostname="ADMIN-PC" time="0.004">
  <properties/>
  <testcase name="givenMultipleRidesShouldReturnTotalFare" classname="com.invoiceservice.InvoiceServiceTest" time="0.004"/>
  <system-out><![CDATA[]]></system-out>
  <system-err><![CDATA[]]></system-err>
</testsuite>
